2024-08-10 00:05:34 info: Mongo DB Conectado
2024-08-10 00:05:34 info: Server ready on port 8080
2024-08-10 00:07:32 info: Mongo DB Conectado
2024-08-10 00:07:32 info: Server ready on port 8080
2024-08-10 00:10:24 info: Mongo DB Conectado
2024-08-10 00:10:24 info: Server ready on port 8080
2024-08-10 00:13:21 info: Mongo DB Conectado
2024-08-10 00:13:21 info: Escuchando el servidor en el puerto ${envs.PORT
2024-08-10 00:13:39 info: Mongo DB Conectado
2024-08-10 00:13:39 info: Escuchando el servidor en el puerto ${envs.PORT}
2024-08-10 00:13:48 info: Mongo DB Conectado
2024-08-10 00:13:48 info: Escuchando el servidor en el puerto 8080
2024-08-10 00:19:19 info: Mongo DB Conectado
2024-08-10 00:19:19 info: Escuchando el servidor en el puerto 8080
2024-08-10 00:22:47 warn: Error: Invalid format of product id
    at Object.badRequestError (file:///Users/mercedesmiquelez/Desktop/backend-miquelez/Backend53155-main/desafio13/src/errors/customErrors.js:9:19)
    at checkId (file:///Users/mercedesmiquelez/Desktop/backend-miquelez/Backend53155-main/desafio13/src/middlewares/checkId.middlewares.js:26:26)
    at Layer.handle [as handle_request] (/Users/mercedesmiquelez/Desktop/backend-miquelez/Backend53155-main/desafio13/node_modules/express/lib/router/layer.js:95:5)
    at next (/Users/mercedesmiquelez/Desktop/backend-miquelez/Backend53155-main/desafio13/node_modules/express/lib/router/route.js:149:13)
    at Route.dispatch (/Users/mercedesmiquelez/Desktop/backend-miquelez/Backend53155-main/desafio13/node_modules/express/lib/router/route.js:119:3)
    at Layer.handle [as handle_request] (/Users/mercedesmiquelez/Desktop/backend-miquelez/Backend53155-main/desafio13/node_modules/express/lib/router/layer.js:95:5)
    at /Users/mercedesmiquelez/Desktop/backend-miquelez/Backend53155-main/desafio13/node_modules/express/lib/router/index.js:284:15
    at param (/Users/mercedesmiquelez/Desktop/backend-miquelez/Backend53155-main/desafio13/node_modules/express/lib/router/index.js:365:14)
    at param (/Users/mercedesmiquelez/Desktop/backend-miquelez/Backend53155-main/desafio13/node_modules/express/lib/router/index.js:376:14)
    at Function.process_params (/Users/mercedesmiquelez/Desktop/backend-miquelez/Backend53155-main/desafio13/node_modules/express/lib/router/index.js:421:3)
2024-08-10 00:25:04 info: Mongo DB Conectado
2024-08-10 00:25:04 info: Escuchando el servidor en el puerto 8080
2024-08-10 00:27:25 info: Mongo DB Conectado
2024-08-10 00:27:25 info: Escuchando el servidor en el puerto 8080
2024-08-10 00:29:14 info: Mongo DB Conectado
2024-08-10 00:29:14 info: Escuchando el servidor en el puerto 8080
2024-08-10 00:30:27 info: Mongo DB Conectado
2024-08-10 00:30:27 info: Escuchando el servidor en el puerto 8080
2024-08-10 00:31:45 info: Mongo DB Conectado
2024-08-10 00:31:45 info: Escuchando el servidor en el puerto 8080
2024-08-10 00:32:38 warn: Error: Invalid format of product id
    at Object.badRequestError (file:///Users/mercedesmiquelez/Desktop/backend-miquelez/Backend53155-main/desafio13/src/errors/customErrors.js:9:19)
    at checkId (file:///Users/mercedesmiquelez/Desktop/backend-miquelez/Backend53155-main/desafio13/src/middlewares/checkId.middlewares.js:26:26)
    at Layer.handle [as handle_request] (/Users/mercedesmiquelez/Desktop/backend-miquelez/Backend53155-main/desafio13/node_modules/express/lib/router/layer.js:95:5)
    at next (/Users/mercedesmiquelez/Desktop/backend-miquelez/Backend53155-main/desafio13/node_modules/express/lib/router/route.js:149:13)
    at Route.dispatch (/Users/mercedesmiquelez/Desktop/backend-miquelez/Backend53155-main/desafio13/node_modules/express/lib/router/route.js:119:3)
    at Layer.handle [as handle_request] (/Users/mercedesmiquelez/Desktop/backend-miquelez/Backend53155-main/desafio13/node_modules/express/lib/router/layer.js:95:5)
    at /Users/mercedesmiquelez/Desktop/backend-miquelez/Backend53155-main/desafio13/node_modules/express/lib/router/index.js:284:15
    at param (/Users/mercedesmiquelez/Desktop/backend-miquelez/Backend53155-main/desafio13/node_modules/express/lib/router/index.js:365:14)
    at param (/Users/mercedesmiquelez/Desktop/backend-miquelez/Backend53155-main/desafio13/node_modules/express/lib/router/index.js:376:14)
    at Function.process_params (/Users/mercedesmiquelez/Desktop/backend-miquelez/Backend53155-main/desafio13/node_modules/express/lib/router/index.js:421:3)
2024-08-10 00:32:52 info: Mongo DB Conectado
2024-08-10 00:32:52 info: Escuchando el servidor en el puerto 8080
2024-08-10 00:32:55 warn: Error: Invalid format of product id
    at Object.badRequestError (file:///Users/mercedesmiquelez/Desktop/backend-miquelez/Backend53155-main/desafio13/src/errors/customErrors.js:9:19)
    at checkId (file:///Users/mercedesmiquelez/Desktop/backend-miquelez/Backend53155-main/desafio13/src/middlewares/checkId.middlewares.js:26:26)
    at Layer.handle [as handle_request] (/Users/mercedesmiquelez/Desktop/backend-miquelez/Backend53155-main/desafio13/node_modules/express/lib/router/layer.js:95:5)
    at next (/Users/mercedesmiquelez/Desktop/backend-miquelez/Backend53155-main/desafio13/node_modules/express/lib/router/route.js:149:13)
    at Route.dispatch (/Users/mercedesmiquelez/Desktop/backend-miquelez/Backend53155-main/desafio13/node_modules/express/lib/router/route.js:119:3)
    at Layer.handle [as handle_request] (/Users/mercedesmiquelez/Desktop/backend-miquelez/Backend53155-main/desafio13/node_modules/express/lib/router/layer.js:95:5)
    at /Users/mercedesmiquelez/Desktop/backend-miquelez/Backend53155-main/desafio13/node_modules/express/lib/router/index.js:284:15
    at param (/Users/mercedesmiquelez/Desktop/backend-miquelez/Backend53155-main/desafio13/node_modules/express/lib/router/index.js:365:14)
    at param (/Users/mercedesmiquelez/Desktop/backend-miquelez/Backend53155-main/desafio13/node_modules/express/lib/router/index.js:376:14)
    at Function.process_params (/Users/mercedesmiquelez/Desktop/backend-miquelez/Backend53155-main/desafio13/node_modules/express/lib/router/index.js:421:3)
2024-08-10 00:34:26 info: Mongo DB Conectado
2024-08-10 00:34:26 info: Escuchando el servidor en el puerto 8080
2024-08-10 00:35:32 info: Mongo DB Conectado
2024-08-10 00:35:32 info: Escuchando el servidor en el puerto 8080
2024-08-10 00:40:20 info: Mongo DB Conectado
2024-08-10 00:40:20 info: Escuchando el servidor en el puerto 8080
2024-08-10 00:42:31 info: Mongo DB Conectado
2024-08-10 00:42:31 info: Escuchando el servidor en el puerto 8080
2024-08-10 00:42:37 info: Mongo DB Conectado
2024-08-10 00:42:37 info: Escuchando el servidor en el puerto 8080
2024-08-10 00:42:48 info: Mongo DB Conectado
2024-08-10 00:42:48 info: Escuchando el servidor en el puerto 8080
2024-08-10 00:43:38 info: Mongo DB Conectado
2024-08-10 00:43:38 info: Escuchando el servidor en el puerto 8080
2024-08-10 00:43:47 info: Mongo DB Conectado
2024-08-10 00:43:47 info: Escuchando el servidor en el puerto 8080
2024-08-10 00:43:57 info: Mongo DB Conectado
2024-08-10 00:43:57 info: Escuchando el servidor en el puerto 8080
2024-08-10 00:44:12 info: Mongo DB Conectado
2024-08-10 00:44:12 info: Escuchando el servidor en el puerto 8080
2024-08-10 00:46:20 info: Mongo DB Conectado
2024-08-10 00:46:20 info: Escuchando el servidor en el puerto 8080
2024-08-10 00:47:41 info: Mongo DB Conectado
2024-08-10 00:47:41 info: Escuchando el servidor en el puerto 8080
2024-08-10 00:49:14 info: Mongo DB Conectado
2024-08-10 00:49:14 info: Escuchando el servidor en el puerto 8080
2024-08-10 00:50:30 info: Mongo DB Conectado
2024-08-10 00:50:30 info: Escuchando el servidor en el puerto 8080
2024-08-10 00:57:32 info: Mongo DB Conectado
2024-08-10 00:57:32 info: Escuchando el servidor en el puerto 8080
2024-08-10 00:57:34 info: Mongo DB Conectado
2024-08-10 00:57:35 info: Escuchando el servidor en el puerto 8080
2024-08-10 00:58:04 info: Mongo DB Conectado
2024-08-10 00:58:04 info: Escuchando el servidor en el puerto 8080
2024-08-10 00:58:31 info: Mongo DB Conectado
2024-08-10 00:58:31 info: Escuchando el servidor en el puerto 8080
2024-08-10 00:58:56 info: Mongo DB Conectado
2024-08-10 00:58:56 info: Escuchando el servidor en el puerto 8080
2024-08-10 00:59:28 info: Mongo DB Conectado
2024-08-10 00:59:28 info: Escuchando el servidor en el puerto 8080
